<?xml version="1.0" encoding="UTF-8"?>
<robot generator="Robot 6.0.2 (Python 3.11.1 on win32)" generated="20230208 09:59:08.368" rpa="false" schemaversion="3">
<suite id="s1" name="Logintest" source="C:\Users\vaidhyamegha\PycharmProjects\TestProject\Automation\Logintest.robot">
<test id="s1-t1" name="Bimigrator" line="12">
<kw name="Launchingbrowser">
<kw name="Open Browser" library="SeleniumLibrary">
<arg>${url}</arg>
<arg>${browser}</arg>
<doc>Opens a new browser instance to the optional ``url``.</doc>
<msg timestamp="20230208 09:59:08.564" level="INFO">Opening browser 'chrome' to base url 'http://localhost:4200/'.</msg>
<status status="PASS" starttime="20230208 09:59:08.563" endtime="20230208 09:59:12.328"/>
</kw>
<kw name="Maximize Browser Window" library="SeleniumLibrary">
<doc>Maximizes current browser window.</doc>
<status status="PASS" starttime="20230208 09:59:12.328" endtime="20230208 09:59:12.450"/>
</kw>
<kw name="Sleep" library="BuiltIn">
<arg>10</arg>
<doc>Pauses the test executed for the given time.</doc>
<msg timestamp="20230208 09:59:22.451" level="INFO">Slept 10 seconds</msg>
<status status="PASS" starttime="20230208 09:59:12.450" endtime="20230208 09:59:22.451"/>
</kw>
<status status="PASS" starttime="20230208 09:59:08.563" endtime="20230208 09:59:22.451"/>
</kw>
<kw name="Inputingvalues">
<kw name="Click Element" library="SeleniumLibrary">
<arg>xpath://a[normalize-space()='Home']</arg>
<doc>Click the element identified by ``locator``.</doc>
<msg timestamp="20230208 09:59:22.453" level="INFO">Clicking element 'xpath://a[normalize-space()='Home']'.</msg>
<status status="PASS" starttime="20230208 09:59:22.452" endtime="20230208 09:59:23.255"/>
</kw>
<kw name="Sleep" library="BuiltIn">
<arg>10</arg>
<doc>Pauses the test executed for the given time.</doc>
<msg timestamp="20230208 09:59:33.256" level="INFO">Slept 10 seconds</msg>
<status status="PASS" starttime="20230208 09:59:23.255" endtime="20230208 09:59:33.256"/>
</kw>
<kw name="Click Element" library="SeleniumLibrary">
<arg>xpath://a[normalize-space()='Leaderboard']</arg>
<doc>Click the element identified by ``locator``.</doc>
<msg timestamp="20230208 09:59:33.256" level="INFO">Clicking element 'xpath://a[normalize-space()='Leaderboard']'.</msg>
<status status="PASS" starttime="20230208 09:59:33.256" endtime="20230208 09:59:33.998"/>
</kw>
<kw name="Sleep" library="BuiltIn">
<arg>10</arg>
<doc>Pauses the test executed for the given time.</doc>
<msg timestamp="20230208 09:59:44.000" level="INFO">Slept 10 seconds</msg>
<status status="PASS" starttime="20230208 09:59:33.998" endtime="20230208 09:59:44.000"/>
</kw>
<kw name="Click Element" library="SeleniumLibrary">
<arg>xpath://a[normalize-space()='Help']</arg>
<doc>Click the element identified by ``locator``.</doc>
<msg timestamp="20230208 09:59:44.000" level="INFO">Clicking element 'xpath://a[normalize-space()='Help']'.</msg>
<status status="PASS" starttime="20230208 09:59:44.000" endtime="20230208 09:59:44.791"/>
</kw>
<kw name="Sleep" library="BuiltIn">
<arg>10</arg>
<doc>Pauses the test executed for the given time.</doc>
<msg timestamp="20230208 09:59:54.793" level="INFO">Slept 10 seconds</msg>
<status status="PASS" starttime="20230208 09:59:44.792" endtime="20230208 09:59:54.793"/>
</kw>
<kw name="Click Element" library="SeleniumLibrary">
<arg>xpath://a[normalize-space()='FAQ']</arg>
<doc>Click the element identified by ``locator``.</doc>
<msg timestamp="20230208 09:59:54.793" level="INFO">Clicking element 'xpath://a[normalize-space()='FAQ']'.</msg>
<status status="PASS" starttime="20230208 09:59:54.793" endtime="20230208 09:59:55.550"/>
</kw>
<kw name="Sleep" library="BuiltIn">
<arg>10</arg>
<doc>Pauses the test executed for the given time.</doc>
<msg timestamp="20230208 10:00:05.551" level="INFO">Slept 10 seconds</msg>
<status status="PASS" starttime="20230208 09:59:55.550" endtime="20230208 10:00:05.551"/>
</kw>
<kw name="Click Element" library="SeleniumLibrary">
<arg>xpath://a[normalize-space()='About']</arg>
<doc>Click the element identified by ``locator``.</doc>
<msg timestamp="20230208 10:00:05.551" level="INFO">Clicking element 'xpath://a[normalize-space()='About']'.</msg>
<status status="PASS" starttime="20230208 10:00:05.551" endtime="20230208 10:00:10.467"/>
</kw>
<status status="PASS" starttime="20230208 09:59:22.452" endtime="20230208 10:00:10.468"/>
</kw>
<status status="PASS" starttime="20230208 09:59:08.562" endtime="20230208 10:00:10.470"/>
</test>
<status status="PASS" starttime="20230208 09:59:08.369" endtime="20230208 10:00:10.473"/>
</suite>
<statistics>
<total>
<stat pass="1" fail="0" skip="0">All Tests</stat>
</total>
<tag>
</tag>
<suite>
<stat pass="1" fail="0" skip="0" id="s1" name="Logintest">Logintest</stat>
</suite>
</statistics>
<errors>
</errors>
</robot>
